#-----------------------------------------------------------
# PlanAhead v14.7 (64-bit)
# Build 321239 by xbuild on Fri Sep 27 19:29:51 MDT 2013
# Start of session at: Mon Jan 09 02:06:57 2023
# Process ID: 15480
# Log file: C:/Users/user/Desktop/Internship FIles/half_adder_3_1/half_adder_3_1/planAhead_run_1/planAhead.log
# Journal file: C:/Users/user/Desktop/Internship FIles/half_adder_3_1/half_adder_3_1/planAhead_run_1/planAhead.jou
#-----------------------------------------------------------
INFO: [Common 17-78] Attempting to get a license: PlanAhead
INFO: [Common 17-290] Got license for PlanAhead
INFO: [Device 21-36] Loading parts and site information from C:/Xilinx/14.7/ISE_DS/PlanAhead/data/parts/arch.xml
Parsing RTL primitives file [C:/Xilinx/14.7/ISE_DS/PlanAhead/data/parts/xilinx/rtl/prims/rtl_prims.xml]
Finished parsing RTL primitives file [C:/Xilinx/14.7/ISE_DS/PlanAhead/data/parts/xilinx/rtl/prims/rtl_prims.xml]
start_gui
INFO: [Common 17-81] Feature available: PartialReconfiguration
source {C:/Users/user/Desktop/Internship FIles/half_adder_3_1/half_adder_3_1/pa.fromHdl.tcl}
# create_project -name half_adder_3_1 -dir "C:/Users/user/Desktop/Internship FIles/half_adder_3_1/half_adder_3_1/planAhead_run_1" -part xc6slx45tfgg484-3
# set_param project.pinAheadLayout yes
# set srcset [get_property srcset [current_run -impl]]
# set_property target_constrs_file "half_adder_3_1_pin_assignment.ucf" [current_fileset -constrset]
Adding file 'C:/Users/user/Desktop/Internship FIles/half_adder_3_1/half_adder_3_1/half_adder_3_1_pin_assignment.ucf' to fileset 'constrs_1'
# set hdlfile [add_files [list {half_adder_3_1.v}]]
# set_property file_type Verilog $hdlfile
# set_property library work $hdlfile
# set_property top half_adder_3 $srcset
# add_files [list {half_adder_3_1_pin_assignment.ucf}] -fileset [get_property constrset [current_run]]
# open_rtl_design -part xc6slx45tfgg484-3
Using Verific elaboration
Parsing VHDL file "C:/Xilinx/14.7/ISE_DS/PlanAhead/data/parts/xilinx/rtl/lib/synplify/synattr.vhd" into library synplify
Analyzing Verilog file "C:/Users/user/Desktop/Internship FIles/half_adder_3_1/half_adder_3_1/half_adder_3_1.v" into library work
Loading clock regions from C:/Xilinx/14.7/ISE_DS/PlanAhead/data\parts/xilinx/spartan6/spartan6lxt/xc6slx45t/ClockRegion.xml
Loading clock buffers from C:/Xilinx/14.7/ISE_DS/PlanAhead/data\parts/xilinx/spartan6/spartan6lxt/xc6slx45t/ClockBuffers.xml
Loading package pin functions from C:/Xilinx/14.7/ISE_DS/PlanAhead/data\parts/xilinx/spartan6/PinFunctions.xml...
Loading package from C:/Xilinx/14.7/ISE_DS/PlanAhead/data\parts/xilinx/spartan6/spartan6lxt/xc6slx45t/fgg484/Package.xml
Loading io standards from C:/Xilinx/14.7/ISE_DS/PlanAhead/data\./parts/xilinx/spartan6/IOStandards.xml
Loading device configuration modes from C:/Xilinx/14.7/ISE_DS/PlanAhead/data\parts/xilinx/spartan6/ConfigModes.xml
Loading list of drcs for the architecture : C:/Xilinx/14.7/ISE_DS/PlanAhead/data\./parts/xilinx/spartan6/drc.xml
Parsing UCF File [C:/Users/user/Desktop/Internship FIles/half_adder_3_1/half_adder_3_1/half_adder_3_1_pin_assignment.ucf]
CRITICAL WARNING: [Designutils 20-30] Unrecognized site SW5 [C:/Users/user/Desktop/Internship FIles/half_adder_3_1/half_adder_3_1/half_adder_3_1_pin_assignment.ucf:2]
CRITICAL WARNING: [Designutils 20-30] Unrecognized site SW4 [C:/Users/user/Desktop/Internship FIles/half_adder_3_1/half_adder_3_1/half_adder_3_1_pin_assignment.ucf:3]
CRITICAL WARNING: [Designutils 20-30] Unrecognized site DS3 [C:/Users/user/Desktop/Internship FIles/half_adder_3_1/half_adder_3_1/half_adder_3_1_pin_assignment.ucf:5]
CRITICAL WARNING: [Designutils 20-30] Unrecognized site DS4 [C:/Users/user/Desktop/Internship FIles/half_adder_3_1/half_adder_3_1/half_adder_3_1_pin_assignment.ucf:6]
Finished Parsing UCF File [C:/Users/user/Desktop/Internship FIles/half_adder_3_1/half_adder_3_1/half_adder_3_1_pin_assignment.ucf]
INFO: [Designutils 20-20] Invalid constraints found, use command 'write_ucf -constraints invalid <file>' to save all the invalid constraints to a file
INFO: [Project 1-111] Unisim Transformation Summary:
No Unisim elements were transformed.

Phase 0 | Netlist Checksum: 9cfc142e
update_compile_order -fileset sim_1
exit
ERROR: [PlanAhead 12-106] *** Exception: ui.h.b: Found deleted key in HTclEventBroker. Verify if the classes listed here call cleanup()
HTclEvent: SIGNAL_MODIFY   Classes: ui.views.aR 
HTclEvent: SIGNAL_BUS_MODIFY   Classes: ui.views.aR 
HTclEvent: DEBUG_CORE_CONFIG_CHANGE   Classes: ui.views.aR 
HTclEvent: DEBUG_PORT_CONFIG_CHANGE   Classes: ui.views.aR 
 (See C:/Users/user/Desktop/Internship FIles/half_adder_3_1/half_adder_3_1\planAhead_pid15480.debug)
ERROR: [Common 17-39] 'stop_gui' failed due to earlier errors.
INFO: [Common 17-206] Exiting PlanAhead at Mon Jan 09 02:07:13 2023...
INFO: [Common 17-83] Releasing license: PlanAhead
